<?xml version="1.0" encoding="UTF-8"?>
<!-- Generated by org.testng.reporters.JUnitXMLReporter -->
<testsuite ignored="0" hostname="maa2-19XVBMG5VQ" failures="0" tests="53" name="Test" time="0.111" errors="0" timestamp="2025-10-07T23:37:35 IST">
  <testcase classname="com.taskmanager.repository.TaskRepositoryTest" name="testSaveTask" time="0.003"/>
  <testcase classname="com.taskmanager.repository.TaskRepositoryTest" name="testFindById" time="0.0"/>
  <testcase classname="com.taskmanager.repository.TaskRepositoryTest" name="testFindByIdNotFound" time="0.0"/>
  <testcase classname="com.taskmanager.repository.TaskRepositoryTest" name="testFindAll" time="0.002"/>
  <testcase classname="com.taskmanager.repository.TaskRepositoryTest" name="testDelete" time="0.0"/>
  <testcase classname="com.taskmanager.repository.TaskRepositoryTest" name="testExists" time="0.001"/>
  <testcase classname="com.taskmanager.repository.TaskRepositoryTest" name="testClear" time="0.0"/>
  <testcase classname="com.taskmanager.util.DateValidatorTest" name="testDateFormats" time="0.004"/>
  <testcase classname="com.taskmanager.util.DateValidatorTest" name="testDateFormats" time="0.001"/>
  <testcase classname="com.taskmanager.util.DateValidatorTest" name="testDateFormats" time="0.0"/>
  <testcase classname="com.taskmanager.util.DateValidatorTest" name="testDateFormats" time="0.0"/>
  <testcase classname="com.taskmanager.util.DateValidatorTest" name="testDateFormats" time="0.001"/>
  <testcase classname="com.taskmanager.util.DateValidatorTest" name="testEmptyDate" time="0.0"/>
  <testcase classname="com.taskmanager.util.DateValidatorTest" name="testInvalidDateFormats" time="0.0"/>
  <testcase classname="com.taskmanager.util.DateValidatorTest" name="testInvalidDateFormats" time="0.001"/>
  <testcase classname="com.taskmanager.util.DateValidatorTest" name="testLeapYearDate" time="0.001"/>
  <testcase classname="com.taskmanager.util.DateValidatorTest" name="testLeapYearValidation" time="0.003"/>
  <testcase classname="com.taskmanager.util.DateValidatorTest" name="testLeapYearValidation" time="0.0"/>
  <testcase classname="com.taskmanager.util.DateValidatorTest" name="testLeapYearValidation" time="0.0"/>
  <testcase classname="com.taskmanager.util.DateValidatorTest" name="testNullDate" time="0.0"/>
  <testcase classname="com.taskmanager.util.DateValidatorTest" name="testPastDate" time="0.001"/>
  <testcase classname="com.taskmanager.util.DateValidatorTest" name="testValidDate" time="0.0"/>
  <testcase classname="com.taskmanager.util.DateValidatorTest" name="testValidFutureDate" time="0.0"/>
  <testcase classname="com.taskmanager.service.CategoryServiceTest" name="testAllEmptyRepositoryCategories" time="0.001"/>
  <testcase classname="com.taskmanager.service.CategoryServiceTest" name="testCategoryById" time="0.0"/>
  <testcase classname="com.taskmanager.service.CategoryServiceTest" name="testCreateCategory" time="0.0"/>
  <testcase classname="com.taskmanager.service.CategoryServiceTest" name="testDeleteCategory" time="0.001"/>
  <testcase classname="com.taskmanager.service.CategoryServiceTest" name="testGetAllCategories" time="0.001"/>
  <testcase classname="com.taskmanager.service.CategoryServiceTest" name="testUpdateCategory" time="0.0"/>
  <testcase classname="com.taskmanager.service.CategoryServiceTest" name="testUpdateNonExistentCategory" time="0.0"/>
  <testcase classname="com.taskmanager.service.TaskServiceTest" name="testAllTasks" time="0.001"/>
  <testcase classname="com.taskmanager.service.TaskServiceTest" name="testCreateTask" time="0.0"/>
  <testcase classname="com.taskmanager.service.TaskServiceTest" name="testCreateTaskUsingPastDate" time="0.001"/>
  <testcase classname="com.taskmanager.service.TaskServiceTest" name="testCreateTaskUsingPriorities" time="0.0"/>
  <testcase classname="com.taskmanager.service.TaskServiceTest" name="testCreateTaskUsingPriorities" time="0.0"/>
  <testcase classname="com.taskmanager.service.TaskServiceTest" name="testCreateTaskUsingPriorities" time="0.0"/>
  <testcase classname="com.taskmanager.service.TaskServiceTest" name="testCreateTaskWithoutTitle" time="0.0"/>
  <testcase classname="com.taskmanager.service.TaskServiceTest" name="testDuplicateTask" time="0.0"/>
  <testcase classname="com.taskmanager.service.TaskServiceTest" name="testGetNonExistentTask" time="0.001"/>
  <testcase classname="com.taskmanager.service.TaskServiceTest" name="testOverdueTasks" time="0.0"/>
  <testcase classname="com.taskmanager.service.TaskServiceTest" name="testTaskById" time="0.0"/>
  <testcase classname="com.taskmanager.service.TaskServiceTest" name="testTasksByCategory" time="0.001"/>
  <testcase classname="com.taskmanager.service.TaskServiceTest" name="testTasksByPriority" time="0.001"/>
  <testcase classname="com.taskmanager.service.TaskServiceTest" name="testTasksByStatus" time="0.001"/>
  <testcase classname="com.taskmanager.service.TaskServiceTest" name="testUpdateTask" time="0.0"/>
  <testcase classname="com.taskmanager.service.ReportServiceTest" name="testCategoryReport" time="0.002"/>
  <testcase classname="com.taskmanager.service.ReportServiceTest" name="testEmptyReport" time="0.003"/>
  <testcase classname="com.taskmanager.service.ReportServiceTest" name="testGenerateReport" time="0.001"/>
  <testcase classname="com.taskmanager.service.ReportServiceTest" name="testOverdueTasks" time="0.0"/>
  <testcase classname="com.taskmanager.service.ReportServiceTest" name="testPriorityReport" time="0.0"/>
  <testcase classname="com.taskmanager.service.ReportServiceTest" name="testStatusReport" time="0.001"/>
  <testcase classname="com.taskmanager.service.ReportServiceTest" name="testTasksCountByPriority" time="0.0"/>
  <testcase classname="com.taskmanager.service.ReportServiceTest" name="testTasksCountByStatus" time="0.0"/>
</testsuite> <!-- Test -->
